        -:    0:Source:C:/Users/PC/Desktop/Bernie/Gabo/UBA/Materias/Algos I/TPI-algos-1/tests/EJ01_toroideValidoTEST.cpp
        -:    0:Graph:C:\Users\PC\Desktop\Bernie\Gabo\UBA\Materias\Algos I\TPI-algos-1\cmake-build-debug\CMakeFiles\juegoDeLaVida.dir\tests\EJ01_toroideValidoTEST.gcno
        -:    0:Data:C:\Users\PC\Desktop\Bernie\Gabo\UBA\Materias\Algos I\TPI-algos-1\cmake-build-debug\CMakeFiles\juegoDeLaVida.dir\tests\EJ01_toroideValidoTEST.gcda
        -:    0:Runs:1
        -:    0:Programs:1
        -:    1:#include "../ejercicios.h"
        -:    2:#include "gtest/gtest.h"
        -:    3:
        -:    4:using namespace std;
        -:    5:
        8:    6:TEST(toroideValidoTEST, toroideVacio){
        1:    6-block  0
        1:    6-block  1
        1:    6-block  2
    %%%%%:    6-block  3
    %%%%%:    6-block  4
    %%%%%:    6-block  5
    %%%%%:    6-block  6
    %%%%%:    6-block  7
    %%%%%:    6-block  8
        1:    6-block  9
        1:    6-block 10
        1:    6-block 11
        1:    6-block 12
        1:    6-block 13
        1:    6-block 14
        1:    6-block 15
        3:    7:    toroide t = { vector<bool> () };
        1:    7-block  0
        1:    7-block  1
        2:    7-block  2
        1:    7-block  3
    %%%%%:    7-block  4
    %%%%%:    7-block  5
    %%%%%:    7-block  6
    %%%%%:    7-block  7
    %%%%%:    7-block  8
    %%%%%:    7-block  9
    %%%%%:    7-block 10
    %%%%%:    7-block 11
        1:    8:    EXPECT_FALSE(toroideValido(t));
        1:    8-block  0
        1:    8-block  1
        1:    8-block  2
    $$$$$:    8-block  3
    $$$$$:    8-block  4
    $$$$$:    8-block  5
    $$$$$:    8-block  6
    $$$$$:    8-block  7
        1:    8-block  8
    %%%%%:    8-block  9
    %%%%%:    8-block 10
    %%%%%:    8-block 11
    %%%%%:    8-block 12
    %%%%%:    8-block 13
    %%%%%:    8-block 14
    %%%%%:    8-block 15
    %%%%%:    8-block 16
    %%%%%:    8-block 17
        1:    9:}
    %%%%%:    9-block  0
        -:   10:
        8:   11:TEST(toroideValidoTEST, toroideVacio5Filas){
        1:   11-block  0
        1:   11-block  1
        1:   11-block  2
    %%%%%:   11-block  3
    %%%%%:   11-block  4
    %%%%%:   11-block  5
    %%%%%:   11-block  6
    %%%%%:   11-block  7
    %%%%%:   11-block  8
        1:   11-block  9
        1:   11-block 10
        1:   11-block 11
        1:   11-block 12
        1:   11-block 13
        1:   11-block 14
        1:   11-block 15
        2:   12:    vector<bool> vacio;
        1:   12-block  0
    %%%%%:   12-block  1
        7:   13:    toroide t = { vacio, vacio, vacio, vacio, vacio };
        1:   13-block  0
        1:   13-block  1
        1:   13-block  2
        1:   13-block  3
        1:   13-block  4
        1:   13-block  5
        6:   13-block  6
        5:   13-block  7
    %%%%%:   13-block  8
    %%%%%:   13-block  9
    %%%%%:   13-block 10
    %%%%%:   13-block 11
    %%%%%:   13-block 12
    %%%%%:   13-block 13
    %%%%%:   13-block 14
    %%%%%:   13-block 15
        1:   14:    EXPECT_FALSE(toroideValido(t));
        1:   14-block  0
        1:   14-block  1
        1:   14-block  2
    $$$$$:   14-block  3
    $$$$$:   14-block  4
    $$$$$:   14-block  5
    $$$$$:   14-block  6
    $$$$$:   14-block  7
        1:   14-block  8
    %%%%%:   14-block  9
    %%%%%:   14-block 10
    %%%%%:   14-block 11
    %%%%%:   14-block 12
    %%%%%:   14-block 13
    %%%%%:   14-block 14
    %%%%%:   14-block 15
    %%%%%:   14-block 16
    %%%%%:   14-block 17
        1:   15:}
    %%%%%:   15-block  0
        -:   16:
        8:   17:TEST(toroideValidoTEST, diagonalTresPorTres) {
        1:   17-block  0
        1:   17-block  1
        1:   17-block  2
    %%%%%:   17-block  3
    %%%%%:   17-block  4
    %%%%%:   17-block  5
    %%%%%:   17-block  6
    %%%%%:   17-block  7
        1:   17-block  8
        1:   17-block  9
        1:   17-block 10
        1:   17-block 11
        1:   17-block 12
        1:   17-block 13
        1:   17-block 14
        -:   18:    toroide t = { {true, false, false},
        -:   19:                  {false, true, false},
        -:   20:                  {false, false, true}
        5:   21:    };
        1:   21-block  0
        1:   21-block  1
        1:   21-block  2
        1:   21-block  3
        1:   21-block  4
        4:   21-block  5
        3:   21-block  6
        1:   21-block  7
    %%%%%:   21-block  8
    %%%%%:   21-block  9
    %%%%%:   21-block 10
    %%%%%:   21-block 11
    %%%%%:   21-block 12
    %%%%%:   21-block 13
    %%%%%:   21-block 14
    %%%%%:   21-block 15
    %%%%%:   21-block 16
    %%%%%:   21-block 17
    %%%%%:   21-block 18
    %%%%%:   21-block 19
    %%%%%:   21-block 20
    %%%%%:   21-block 21
        1:   22:    EXPECT_TRUE(toroideValido(t));
        1:   22-block  0
        1:   22-block  1
        1:   22-block  2
        1:   22-block  3
        1:   22-block  4
        1:   22-block  5
        1:   22-block  6
        1:   22-block  7
    %%%%%:   22-block  8
    %%%%%:   22-block  9
    %%%%%:   22-block 10
    %%%%%:   22-block 11
    %%%%%:   22-block 12
    %%%%%:   22-block 13
    %%%%%:   22-block 14
    %%%%%:   22-block 15
    %%%%%:   22-block 16
        5:   23:}
        1:   23-block  0
        1:   23-block  1
        1:   23-block  2
        1:   23-block  3
        1:   23-block  4
        1:   23-block  5
    %%%%%:   23-block  6
