        -:    0:Source:C:/Users/PC/Desktop/Bernie/Gabo/UBA/Materias/Algos I/TPI-algos-1/tests/EJ02_posicionesVivasTEST.cpp
        -:    0:Graph:C:\Users\PC\Desktop\Bernie\Gabo\UBA\Materias\Algos I\TPI-algos-1\cmake-build-debug\CMakeFiles\juegoDeLaVida.dir\tests\EJ02_posicionesVivasTEST.gcno
        -:    0:Data:C:\Users\PC\Desktop\Bernie\Gabo\UBA\Materias\Algos I\TPI-algos-1\cmake-build-debug\CMakeFiles\juegoDeLaVida.dir\tests\EJ02_posicionesVivasTEST.gcda
        -:    0:Runs:1
        -:    0:Programs:1
        -:    1:#include "../ejercicios.h"
        -:    2:#include "../auxiliares.h"
        -:    3:#include "gtest/gtest.h"
        -:    4:#include <algorithm>
        -:    5:
        -:    6:using namespace std;
        -:    7:
        8:    8:TEST(posicionesVivasTEST, toroideDiagonalVivas){
        1:    8-block  0
        1:    8-block  1
        1:    8-block  2
    %%%%%:    8-block  3
    %%%%%:    8-block  4
    %%%%%:    8-block  5
    %%%%%:    8-block  6
    %%%%%:    8-block  7
        1:    8-block  8
        1:    8-block  9
        1:    8-block 10
        1:    8-block 11
        1:    8-block 12
        1:    8-block 13
        1:    8-block 14
        -:    9:    toroide t = { 
        -:   10:	{true, false, false},
        -:   11:	{false, true, false},
        -:   12:	{false, false, true},
        -:   13:	{true, false, false},
        -:   14:	{false, true, false},
        8:   15:	{false, false, true}};
        1:   15-block  0
        1:   15-block  1
        1:   15-block  2
        1:   15-block  3
        1:   15-block  4
        1:   15-block  5
        1:   15-block  6
        1:   15-block  7
        7:   15-block  8
        6:   15-block  9
        1:   15-block 10
    %%%%%:   15-block 11
    %%%%%:   15-block 12
    %%%%%:   15-block 13
    %%%%%:   15-block 14
    %%%%%:   15-block 15
    %%%%%:   15-block 16
    %%%%%:   15-block 17
    %%%%%:   15-block 18
    %%%%%:   15-block 19
    %%%%%:   15-block 20
    %%%%%:   15-block 21
    %%%%%:   15-block 22
    %%%%%:   15-block 23
    %%%%%:   15-block 24
    %%%%%:   15-block 25
    %%%%%:   15-block 26
    %%%%%:   15-block 27
    %%%%%:   15-block 28
    %%%%%:   15-block 29
    %%%%%:   15-block 30
        -:   16:
        2:   17:    vector<posicion> vivas = {mp(0,0), mp(1,1), mp(2,2), mp(3, 0), mp(4, 1), mp(5, 2)};
        1:   17-block  0
        1:   17-block  1
        1:   17-block  2
        1:   17-block  3
        1:   17-block  4
        1:   17-block  5
        1:   17-block  6
    %%%%%:   17-block  7
    %%%%%:   17-block  8
    %%%%%:   17-block  9
    %%%%%:   17-block 10
    %%%%%:   17-block 11
        2:   18:    vector<posicion> res = posicionesVivas(t);
    %%%%%:   18-block  0
        1:   19:    EXPECT_EQ(ordenar(vivas), ordenar(res));
        1:   19-block  0
        1:   19-block  1
        1:   19-block  2
        1:   19-block  3
        1:   19-block  4
        1:   19-block  5
        1:   19-block  6
        1:   19-block  7
        1:   19-block  8
        1:   19-block  9
    %%%%%:   19-block 10
    %%%%%:   19-block 11
    %%%%%:   19-block 12
    %%%%%:   19-block 13
    %%%%%:   19-block 14
    %%%%%:   19-block 15
    %%%%%:   19-block 16
    %%%%%:   19-block 17
    %%%%%:   19-block 18
        5:   20:}
        1:   20-block  0
        1:   20-block  1
        1:   20-block  2
        1:   20-block  3
        1:   20-block  4
        1:   20-block  5
    %%%%%:   20-block  6
        -:   21:
