        -:    0:Source:C:/Users/PC/Desktop/Bernie/Gabo/UBA/Materias/Algos I/TPI-algos-1/tests/EJ03_densidadPoblacionTEST.cpp
        -:    0:Graph:C:\Users\PC\Desktop\Bernie\Gabo\UBA\Materias\Algos I\TPI-algos-1\cmake-build-debug\CMakeFiles\juegoDeLaVida.dir\tests\EJ03_densidadPoblacionTEST.gcno
        -:    0:Data:C:\Users\PC\Desktop\Bernie\Gabo\UBA\Materias\Algos I\TPI-algos-1\cmake-build-debug\CMakeFiles\juegoDeLaVida.dir\tests\EJ03_densidadPoblacionTEST.gcda
        -:    0:Runs:1
        -:    0:Programs:1
        -:    1:#include "../ejercicios.h"
        -:    2:#include "gtest/gtest.h"
        -:    3:
        -:    4:using namespace std;
        -:    5:
        8:    6:TEST(densidadPoblacionTEST, toroideDiagonal){
        1:    6-block  0
        1:    6-block  1
        1:    6-block  2
    %%%%%:    6-block  3
    %%%%%:    6-block  4
    %%%%%:    6-block  5
    %%%%%:    6-block  6
    %%%%%:    6-block  7
        1:    6-block  8
        1:    6-block  9
        1:    6-block 10
        1:    6-block 11
        1:    6-block 12
        1:    6-block 13
        1:    6-block 14
        2:    7:    vector<bool> a = { true, true, true, true };
        1:    7-block  0
        1:    7-block  1
    %%%%%:    7-block  2
    %%%%%:    7-block  3
    %%%%%:    7-block  4
        7:    8:    toroide t = { a, a, a, a, a };
        1:    8-block  0
        1:    8-block  1
        1:    8-block  2
        1:    8-block  3
        1:    8-block  4
        1:    8-block  5
        6:    8-block  6
        5:    8-block  7
    %%%%%:    8-block  8
    %%%%%:    8-block  9
    %%%%%:    8-block 10
    %%%%%:    8-block 11
    %%%%%:    8-block 12
    %%%%%:    8-block 13
    %%%%%:    8-block 14
        1:    9:    EXPECT_NEAR(densidadPoblacion(t), 1.0, 0.01);
        1:    9-block  0
        1:    9-block  1
        1:    9-block  2
        1:    9-block  3
        1:    9-block  4
        1:    9-block  5
        1:    9-block  6
        1:    9-block  7
        1:    9-block  8
    %%%%%:    9-block  9
    %%%%%:    9-block 10
    %%%%%:    9-block 11
    %%%%%:    9-block 12
    %%%%%:    9-block 13
    %%%%%:    9-block 14
        5:   10:}
        1:   10-block  0
        1:   10-block  1
        1:   10-block  2
        1:   10-block  3
        1:   10-block  4
        1:   10-block  5
    %%%%%:   10-block  6
