        -:    0:Source:C:/Users/PC/Desktop/Bernie/Gabo/UBA/Materias/Algos I/TPI-algos-1/tests/EJ04_evolucionDePosicionTEST.cpp
        -:    0:Graph:C:\Users\PC\Desktop\Bernie\Gabo\UBA\Materias\Algos I\TPI-algos-1\cmake-build-debug\CMakeFiles\juegoDeLaVida.dir\tests\EJ04_evolucionDePosicionTEST.gcno
        -:    0:Data:C:\Users\PC\Desktop\Bernie\Gabo\UBA\Materias\Algos I\TPI-algos-1\cmake-build-debug\CMakeFiles\juegoDeLaVida.dir\tests\EJ04_evolucionDePosicionTEST.gcda
        -:    0:Runs:1
        -:    0:Programs:1
        -:    1:#include "../ejercicios.h"
        -:    2:#include "gtest/gtest.h"
        -:    3:
        -:    4:using namespace std;
        -:    5:
        8:    6:TEST(evolucionDePosicionTEST, toroideDiagonalTresPorTres){
        1:    6-block  0
        1:    6-block  1
        1:    6-block  2
    %%%%%:    6-block  3
    %%%%%:    6-block  4
    %%%%%:    6-block  5
    %%%%%:    6-block  6
    %%%%%:    6-block  7
    %%%%%:    6-block  8
        1:    6-block  9
        1:    6-block 10
        1:    6-block 11
        1:    6-block 12
        1:    6-block 13
        1:    6-block 14
        1:    6-block 15
        5:    7:    toroide t = { {true, false, false}, {false, true, false}, {false, false, true} };
        1:    7-block  0
        1:    7-block  1
        1:    7-block  2
        1:    7-block  3
        1:    7-block  4
        4:    7-block  5
        3:    7-block  6
        1:    7-block  7
    %%%%%:    7-block  8
    %%%%%:    7-block  9
    %%%%%:    7-block 10
    %%%%%:    7-block 11
    %%%%%:    7-block 12
    %%%%%:    7-block 13
    %%%%%:    7-block 14
    %%%%%:    7-block 15
    %%%%%:    7-block 16
    %%%%%:    7-block 17
    %%%%%:    7-block 18
    %%%%%:    7-block 19
    %%%%%:    7-block 20
    %%%%%:    7-block 21
        1:    8:    EXPECT_TRUE(evolucionDePosicion(t, make_pair(1,1)));
        1:    8-block  0
        1:    8-block  1
        1:    8-block  2
        1:    8-block  3
        1:    8-block  4
        1:    8-block  5
        1:    8-block  6
        1:    8-block  7
        1:    8-block  8
    %%%%%:    8-block  9
    %%%%%:    8-block 10
    %%%%%:    8-block 11
    %%%%%:    8-block 12
    %%%%%:    8-block 13
    %%%%%:    8-block 14
    %%%%%:    8-block 15
    %%%%%:    8-block 16
    %%%%%:    8-block 17
    %%%%%:    8-block 18
    %%%%%:    8-block 19
    %%%%%:    8-block 20
    %%%%%:    8-block 21
        1:    9:}
    %%%%%:    9-block  0
        -:   10:
        8:   11:TEST(evolucionDePosicionTEST, NoRevivePorCincoVecinosVivos){
        1:   11-block  0
        1:   11-block  1
        1:   11-block  2
    %%%%%:   11-block  3
    %%%%%:   11-block  4
    %%%%%:   11-block  5
    %%%%%:   11-block  6
    %%%%%:   11-block  7
        1:   11-block  8
        1:   11-block  9
        1:   11-block 10
        1:   11-block 11
        1:   11-block 12
        1:   11-block 13
        1:   11-block 14
        5:   12:    toroide t = { {false, true, true}, {false, true, false}, {false, true, true}};
        1:   12-block  0
        1:   12-block  1
        1:   12-block  2
        1:   12-block  3
        1:   12-block  4
        4:   12-block  5
        3:   12-block  6
        1:   12-block  7
    %%%%%:   12-block  8
    %%%%%:   12-block  9
    %%%%%:   12-block 10
    %%%%%:   12-block 11
    %%%%%:   12-block 12
    %%%%%:   12-block 13
    %%%%%:   12-block 14
    %%%%%:   12-block 15
    %%%%%:   12-block 16
    %%%%%:   12-block 17
    %%%%%:   12-block 18
    %%%%%:   12-block 19
    %%%%%:   12-block 20
    %%%%%:   12-block 21
        1:   13:    EXPECT_FALSE(evolucionDePosicion(t, make_pair(1,0)));
        1:   13-block  0
        1:   13-block  1
        1:   13-block  2
    $$$$$:   13-block  3
    $$$$$:   13-block  4
    $$$$$:   13-block  5
    $$$$$:   13-block  6
    $$$$$:   13-block  7
        1:   13-block  8
    %%%%%:   13-block  9
    %%%%%:   13-block 10
    %%%%%:   13-block 11
    %%%%%:   13-block 12
    %%%%%:   13-block 13
    %%%%%:   13-block 14
    %%%%%:   13-block 15
    %%%%%:   13-block 16
    %%%%%:   13-block 17
    %%%%%:   13-block 18
    %%%%%:   13-block 19
    %%%%%:   13-block 20
    %%%%%:   13-block 21
        5:   14:}
        1:   14-block  0
        1:   14-block  1
        1:   14-block  2
        1:   14-block  3
        1:   14-block  4
        1:   14-block  5
    %%%%%:   14-block  6
