        -:    0:Source:C:/Users/PC/Desktop/Bernie/Gabo/UBA/Materias/Algos I/TPI-algos-1/tests/EJ05_evolucionToroideTEST.cpp
        -:    0:Graph:C:\Users\PC\Desktop\Bernie\Gabo\UBA\Materias\Algos I\TPI-algos-1\cmake-build-debug\CMakeFiles\juegoDeLaVida.dir\tests\EJ05_evolucionToroideTEST.gcno
        -:    0:Data:C:\Users\PC\Desktop\Bernie\Gabo\UBA\Materias\Algos I\TPI-algos-1\cmake-build-debug\CMakeFiles\juegoDeLaVida.dir\tests\EJ05_evolucionToroideTEST.gcda
        -:    0:Runs:1
        -:    0:Programs:1
        -:    1:#include "../ejercicios.h"
        -:    2:#include "gtest/gtest.h"
        -:    3:#include <algorithm>
        -:    4:
        -:    5:using namespace std;
        -:    6:
        8:    7:TEST(evolucionToroideTEST, toroideDiagonalTresPorTresUnPaso){
        1:    7-block  0
        1:    7-block  1
        1:    7-block  2
    %%%%%:    7-block  3
    %%%%%:    7-block  4
    %%%%%:    7-block  5
    %%%%%:    7-block  6
    %%%%%:    7-block  7
        1:    7-block  8
        1:    7-block  9
        1:    7-block 10
        1:    7-block 11
        1:    7-block 12
        1:    7-block 13
        1:    7-block 14
        5:    8:    toroide t = { {true, false, false}, {false, true, false}, {false, false, true} };
        1:    8-block  0
        1:    8-block  1
        1:    8-block  2
        1:    8-block  3
        1:    8-block  4
        4:    8-block  5
        3:    8-block  6
        1:    8-block  7
    %%%%%:    8-block  8
    %%%%%:    8-block  9
    %%%%%:    8-block 10
    %%%%%:    8-block 11
    %%%%%:    8-block 12
    %%%%%:    8-block 13
    %%%%%:    8-block 14
    %%%%%:    8-block 15
    %%%%%:    8-block 16
    %%%%%:    8-block 17
    %%%%%:    8-block 18
    %%%%%:    8-block 19
    %%%%%:    8-block 20
    %%%%%:    8-block 21
        -:    9:    //1*0 0 1*0
        -:   10:    //0 1 0 0 1
        -:   11:    //0 0 1 0 0
        -:   12:    //1 0 0 1 0
        -:   13:    //0*1 0 0*1
        5:   14:    toroide evo_t = { {true, true, true}, {true, true, true}, {true, true, true} };
        1:   14-block  0
        1:   14-block  1
        1:   14-block  2
        1:   14-block  3
        4:   14-block  4
        3:   14-block  5
        1:   14-block  6
    %%%%%:   14-block  7
    %%%%%:   14-block  8
    %%%%%:   14-block  9
    %%%%%:   14-block 10
    %%%%%:   14-block 11
    %%%%%:   14-block 12
    %%%%%:   14-block 13
    %%%%%:   14-block 14
    %%%%%:   14-block 15
    %%%%%:   14-block 16
    %%%%%:   14-block 17
    %%%%%:   14-block 18
    %%%%%:   14-block 19
        -:   15:    //  1 1 1
        -:   16:    //  1 1 1
        -:   17:    //  1 1 1
        1:   18:    evolucionToroide(t);
        1:   19:    EXPECT_EQ(t, evo_t);
        1:   19-block  0
        1:   19-block  1
        1:   19-block  2
        1:   19-block  3
        1:   19-block  4
        1:   19-block  5
        1:   19-block  6
        1:   19-block  7
    %%%%%:   19-block  8
    %%%%%:   19-block  9
    %%%%%:   19-block 10
    %%%%%:   19-block 11
    %%%%%:   19-block 12
    %%%%%:   19-block 13
        5:   20:}
        1:   20-block  0
        1:   20-block  1
        1:   20-block  2
        1:   20-block  3
        1:   20-block  4
        1:   20-block  5
    %%%%%:   20-block  6
