        -:    0:Source:C:/Users/PC/Desktop/Bernie/Gabo/UBA/Materias/Algos I/TPI-algos-1/tests/EJ08_primosLejanosTEST.cpp
        -:    0:Graph:C:\Users\PC\Desktop\Bernie\Gabo\UBA\Materias\Algos I\TPI-algos-1\cmake-build-debug\CMakeFiles\juegoDeLaVida.dir\tests\EJ08_primosLejanosTEST.gcno
        -:    0:Data:C:\Users\PC\Desktop\Bernie\Gabo\UBA\Materias\Algos I\TPI-algos-1\cmake-build-debug\CMakeFiles\juegoDeLaVida.dir\tests\EJ08_primosLejanosTEST.gcda
        -:    0:Runs:1
        -:    0:Programs:1
        -:    1:#include "../ejercicios.h"
        -:    2:#include "gtest/gtest.h"
        -:    3:#include <algorithm>
        -:    4:
        -:    5:using namespace std;
        -:    6:
        8:    7:TEST(primosLejanosTEST, toroideHorizontalPeriodico2){
        1:    7-block  0
        1:    7-block  1
        1:    7-block  2
    %%%%%:    7-block  3
    %%%%%:    7-block  4
    %%%%%:    7-block  5
    %%%%%:    7-block  6
    %%%%%:    7-block  7
        1:    7-block  8
        1:    7-block  9
        1:    7-block 10
        1:    7-block 11
        1:    7-block 12
        1:    7-block 13
        1:    7-block 14
        -:    8:    toroide t1 = { 
        -:    9:                  {false, false, false, false, false}, 
        -:   10:                  {false, false, false, false, false}, 
        -:   11:                  {false, true, true, true, false},
        -:   12:                  {false, false, false, false, false}, 
        7:   13:                  {false, false,false, false, false} };
        1:   13-block  0
        1:   13-block  1
        1:   13-block  2
        1:   13-block  3
        1:   13-block  4
        1:   13-block  5
        1:   13-block  6
        6:   13-block  7
        5:   13-block  8
        1:   13-block  9
    %%%%%:   13-block 10
    %%%%%:   13-block 11
    %%%%%:   13-block 12
    %%%%%:   13-block 13
    %%%%%:   13-block 14
    %%%%%:   13-block 15
    %%%%%:   13-block 16
    %%%%%:   13-block 17
    %%%%%:   13-block 18
    %%%%%:   13-block 19
    %%%%%:   13-block 20
    %%%%%:   13-block 21
    %%%%%:   13-block 22
    %%%%%:   13-block 23
    %%%%%:   13-block 24
    %%%%%:   13-block 25
    %%%%%:   13-block 26
    %%%%%:   13-block 27
        -:   14:    toroide t2 = { 
        -:   15:                  {false, false, false, false, false}, 
        -:   16:                  {false, false, true, false, false}, 
        -:   17:                  {false, false, true, false, false},
        -:   18:                  {false, false, true, false, false}, 
        7:   19:                  {false, false,false, false, false} };
        1:   19-block  0
        1:   19-block  1
        1:   19-block  2
        1:   19-block  3
        1:   19-block  4
        1:   19-block  5
        6:   19-block  6
        5:   19-block  7
        1:   19-block  8
    %%%%%:   19-block  9
    %%%%%:   19-block 10
    %%%%%:   19-block 11
    %%%%%:   19-block 12
    %%%%%:   19-block 13
    %%%%%:   19-block 14
    %%%%%:   19-block 15
    %%%%%:   19-block 16
    %%%%%:   19-block 17
    %%%%%:   19-block 18
    %%%%%:   19-block 19
    %%%%%:   19-block 20
    %%%%%:   19-block 21
    %%%%%:   19-block 22
    %%%%%:   19-block 23
    %%%%%:   19-block 24
    %%%%%:   19-block 25
        1:   20:    bool res = primosLejanos(t1, t2);
        1:   21:    EXPECT_TRUE(res);
        1:   21-block  0
        1:   21-block  1
        1:   21-block  2
        1:   21-block  3
        1:   21-block  4
        1:   21-block  5
        1:   21-block  6
        1:   21-block  7
    %%%%%:   21-block  8
    %%%%%:   21-block  9
    %%%%%:   21-block 10
    %%%%%:   21-block 11
    %%%%%:   21-block 12
    %%%%%:   21-block 13
    %%%%%:   21-block 14
    %%%%%:   21-block 15
        1:   22:    res = primosLejanos(t2, t1);
        1:   23:    EXPECT_TRUE(res);
        1:   23-block  0
        1:   23-block  1
        1:   23-block  2
        1:   23-block  3
        1:   23-block  4
        1:   23-block  5
        1:   23-block  6
        1:   23-block  7
    %%%%%:   23-block  8
    %%%%%:   23-block  9
    %%%%%:   23-block 10
    %%%%%:   23-block 11
    %%%%%:   23-block 12
    %%%%%:   23-block 13
    %%%%%:   23-block 14
    %%%%%:   23-block 15
        5:   24:}
        1:   24-block  0
        1:   24-block  1
        1:   24-block  2
        1:   24-block  3
        1:   24-block  4
        1:   24-block  5
    %%%%%:   24-block  6
