        -:    0:Source:C:/Users/PC/Desktop/Bernie/Gabo/UBA/Materias/Algos I/TPI-algos-1/tests/EJ09_seleccionNaturalTEST.cpp
        -:    0:Graph:C:\Users\PC\Desktop\Bernie\Gabo\UBA\Materias\Algos I\TPI-algos-1\cmake-build-debug\CMakeFiles\juegoDeLaVida.dir\tests\EJ09_seleccionNaturalTEST.gcno
        -:    0:Data:C:\Users\PC\Desktop\Bernie\Gabo\UBA\Materias\Algos I\TPI-algos-1\cmake-build-debug\CMakeFiles\juegoDeLaVida.dir\tests\EJ09_seleccionNaturalTEST.gcda
        -:    0:Runs:1
        -:    0:Programs:1
        -:    1:#include "../ejercicios.h"
        -:    2:#include "gtest/gtest.h"
        -:    3:#include <algorithm>
        -:    4:
        -:    5:using namespace std;
        -:    6:
        -:    7:
        8:    8:TEST(seleccionNaturalTEST, toroideDiagonalVsUnoVivo){
        1:    8-block  0
        1:    8-block  1
        1:    8-block  2
    %%%%%:    8-block  3
    %%%%%:    8-block  4
    %%%%%:    8-block  5
    %%%%%:    8-block  6
    %%%%%:    8-block  7
    %%%%%:    8-block  8
        1:    8-block  9
        1:    8-block 10
        1:    8-block 11
        1:    8-block 12
        1:    8-block 13
        1:    8-block 14
        1:    8-block 15
        -:    9:    toroide t1 = { 
        -:   10:                  {true, false, false},
        -:   11:                  {false, true, false},
        5:   12:                  {false, false, true}}; 
        1:   12-block  0
        1:   12-block  1
        1:   12-block  2
        1:   12-block  3
        1:   12-block  4
        4:   12-block  5
        3:   12-block  6
        1:   12-block  7
    %%%%%:   12-block  8
    %%%%%:   12-block  9
    %%%%%:   12-block 10
    %%%%%:   12-block 11
    %%%%%:   12-block 12
    %%%%%:   12-block 13
    %%%%%:   12-block 14
    %%%%%:   12-block 15
    %%%%%:   12-block 16
    %%%%%:   12-block 17
    %%%%%:   12-block 18
    %%%%%:   12-block 19
    %%%%%:   12-block 20
    %%%%%:   12-block 21
        -:   13:    toroide t2 = { 
        -:   14:                  {false, false, false}, 
        -:   15:                  {false, false, false}, 
        -:   16:                  {false, true, false},
        -:   17:                  {false, false, false}, 
        7:   18:                  {false, false, false}};
        1:   18-block  0
        1:   18-block  1
        1:   18-block  2
        1:   18-block  3
        1:   18-block  4
        1:   18-block  5
        6:   18-block  6
        5:   18-block  7
        1:   18-block  8
    %%%%%:   18-block  9
    %%%%%:   18-block 10
    %%%%%:   18-block 11
    %%%%%:   18-block 12
    %%%%%:   18-block 13
    %%%%%:   18-block 14
    %%%%%:   18-block 15
    %%%%%:   18-block 16
    %%%%%:   18-block 17
    %%%%%:   18-block 18
    %%%%%:   18-block 19
    %%%%%:   18-block 20
    %%%%%:   18-block 21
    %%%%%:   18-block 22
    %%%%%:   18-block 23
    %%%%%:   18-block 24
    %%%%%:   18-block 25
        2:   19:    vector<toroide> ts;
    %%%%%:   19-block  0
        1:   20:    ts.push_back(t1);
        1:   21:    ts.push_back(t2);
        1:   21-block  0
        1:   22:    ts.push_back(t2);
        1:   22-block  0
        1:   23:    int res = seleccionNatural(ts);
        1:   23-block  0
        1:   23-block  1
        1:   23-block  2
    %%%%%:   23-block  3
    %%%%%:   23-block  4
    %%%%%:   23-block  5
        1:   24:    EXPECT_EQ(res, 0);
        1:   24-block  0
        1:   24-block  1
        1:   24-block  2
        1:   24-block  3
        1:   24-block  4
        1:   24-block  5
        1:   24-block  6
    %%%%%:   24-block  7
    %%%%%:   24-block  8
    %%%%%:   24-block  9
    %%%%%:   24-block 10
    %%%%%:   24-block 11
    %%%%%:   24-block 12
    %%%%%:   24-block 13
        1:   25:}
    %%%%%:   25-block  0
        -:   26:
        8:   27:TEST(seleccionNaturalTEST, DiagonalVsHorizontal){
        1:   27-block  0
        1:   27-block  1
        1:   27-block  2
    %%%%%:   27-block  3
    %%%%%:   27-block  4
    %%%%%:   27-block  5
    %%%%%:   27-block  6
    %%%%%:   27-block  7
        1:   27-block  8
        1:   27-block  9
        1:   27-block 10
        1:   27-block 11
        1:   27-block 12
        1:   27-block 13
        1:   27-block 14
        -:   28:    toroide t1 = { 
        -:   29:                  {false, false, false, false, false}, 
        -:   30:                  {false, false, false, false, false}, 
        -:   31:                  {false, true, true, true, false},
        -:   32:                  {false, false, false, false, false}, 
        7:   33:                  {false, false,false, false, false} };
        1:   33-block  0
        1:   33-block  1
        1:   33-block  2
        1:   33-block  3
        1:   33-block  4
        1:   33-block  5
        1:   33-block  6
        6:   33-block  7
        5:   33-block  8
        1:   33-block  9
    %%%%%:   33-block 10
    %%%%%:   33-block 11
    %%%%%:   33-block 12
    %%%%%:   33-block 13
    %%%%%:   33-block 14
    %%%%%:   33-block 15
    %%%%%:   33-block 16
    %%%%%:   33-block 17
    %%%%%:   33-block 18
    %%%%%:   33-block 19
    %%%%%:   33-block 20
    %%%%%:   33-block 21
    %%%%%:   33-block 22
    %%%%%:   33-block 23
    %%%%%:   33-block 24
    %%%%%:   33-block 25
    %%%%%:   33-block 26
    %%%%%:   33-block 27
        -:   34:    toroide t2 = { 
        -:   35:                  {true, false, false},
        -:   36:                  {false, true, false},
        5:   37:                  {false, false, true}}; 
        1:   37-block  0
        1:   37-block  1
        1:   37-block  2
        1:   37-block  3
        4:   37-block  4
        3:   37-block  5
        1:   37-block  6
    %%%%%:   37-block  7
    %%%%%:   37-block  8
    %%%%%:   37-block  9
    %%%%%:   37-block 10
    %%%%%:   37-block 11
    %%%%%:   37-block 12
    %%%%%:   37-block 13
    %%%%%:   37-block 14
    %%%%%:   37-block 15
    %%%%%:   37-block 16
    %%%%%:   37-block 17
    %%%%%:   37-block 18
    %%%%%:   37-block 19
        2:   38:    vector<toroide> ts;
    %%%%%:   38-block  0
        1:   39:    ts.push_back(t2);
        1:   40:    ts.push_back(t1);
        1:   40-block  0
        1:   41:    ts.push_back(t2);
        1:   41-block  0
        1:   42:    int res = seleccionNatural(ts);
        1:   42-block  0
        1:   42-block  1
        1:   42-block  2
    %%%%%:   42-block  3
    %%%%%:   42-block  4
    %%%%%:   42-block  5
        1:   43:    EXPECT_EQ(res, 1);
        1:   43-block  0
        1:   43-block  1
        1:   43-block  2
        1:   43-block  3
        1:   43-block  4
        1:   43-block  5
        1:   43-block  6
    %%%%%:   43-block  7
    %%%%%:   43-block  8
    %%%%%:   43-block  9
    %%%%%:   43-block 10
    %%%%%:   43-block 11
    %%%%%:   43-block 12
    %%%%%:   43-block 13
        5:   44:}
        1:   44-block  0
        1:   44-block  1
        1:   44-block  2
        1:   44-block  3
        1:   44-block  4
        1:   44-block  5
    %%%%%:   44-block  6
