        -:    0:Source:C:/Users/PC/Desktop/Bernie/Gabo/UBA/Materias/Algos I/TPI-algos-1/tests/EJ10_fusionarTEST.cpp
        -:    0:Graph:C:\Users\PC\Desktop\Bernie\Gabo\UBA\Materias\Algos I\TPI-algos-1\cmake-build-debug\CMakeFiles\juegoDeLaVida.dir\tests\EJ10_fusionarTEST.gcno
        -:    0:Data:C:\Users\PC\Desktop\Bernie\Gabo\UBA\Materias\Algos I\TPI-algos-1\cmake-build-debug\CMakeFiles\juegoDeLaVida.dir\tests\EJ10_fusionarTEST.gcda
        -:    0:Runs:1
        -:    0:Programs:1
        -:    1:#include "../ejercicios.h"
        -:    2:#include "gtest/gtest.h"
        -:    3:#include <algorithm>
        -:    4:
        -:    5:using namespace std;
        -:    6:
        8:    7:TEST(fusionarTEST, sinInterseccion){
        1:    7-block  0
        1:    7-block  1
        1:    7-block  2
    %%%%%:    7-block  3
    %%%%%:    7-block  4
    %%%%%:    7-block  5
    %%%%%:    7-block  6
    %%%%%:    7-block  7
        1:    7-block  8
        1:    7-block  9
        1:    7-block 10
        1:    7-block 11
        1:    7-block 12
        1:    7-block 13
        1:    7-block 14
        -:    8:    toroide t1 = { 
        -:    9:                  {true, false, false},
        -:   10:                  {false, true, false},
        5:   11:                  {false, false, true}}; 
        1:   11-block  0
        1:   11-block  1
        1:   11-block  2
        1:   11-block  3
        1:   11-block  4
        4:   11-block  5
        3:   11-block  6
        1:   11-block  7
    %%%%%:   11-block  8
    %%%%%:   11-block  9
    %%%%%:   11-block 10
    %%%%%:   11-block 11
    %%%%%:   11-block 12
    %%%%%:   11-block 13
    %%%%%:   11-block 14
    %%%%%:   11-block 15
    %%%%%:   11-block 16
    %%%%%:   11-block 17
    %%%%%:   11-block 18
    %%%%%:   11-block 19
    %%%%%:   11-block 20
    %%%%%:   11-block 21
        -:   12:    toroide t2 = { 
        -:   13:                  {false, true, true},
        -:   14:                  {true, false, true},
        5:   15:                  {true, true, false}};
        1:   15-block  0
        1:   15-block  1
        1:   15-block  2
        1:   15-block  3
        4:   15-block  4
        3:   15-block  5
        1:   15-block  6
    %%%%%:   15-block  7
    %%%%%:   15-block  8
    %%%%%:   15-block  9
    %%%%%:   15-block 10
    %%%%%:   15-block 11
    %%%%%:   15-block 12
    %%%%%:   15-block 13
    %%%%%:   15-block 14
    %%%%%:   15-block 15
    %%%%%:   15-block 16
    %%%%%:   15-block 17
    %%%%%:   15-block 18
    %%%%%:   15-block 19
    %%%%%:   15-block 20
        -:   16:
        -:   17:    toroide tout = {
        -:   18:            {false, false, false},
        -:   19:            {false, false, false},
        5:   20:            {false, false, false}};
        1:   20-block  0
        1:   20-block  1
        1:   20-block  2
        1:   20-block  3
        4:   20-block  4
        3:   20-block  5
        1:   20-block  6
    %%%%%:   20-block  7
    %%%%%:   20-block  8
    %%%%%:   20-block  9
    %%%%%:   20-block 10
    %%%%%:   20-block 11
    %%%%%:   20-block 12
    %%%%%:   20-block 13
    %%%%%:   20-block 14
    %%%%%:   20-block 15
    %%%%%:   20-block 16
    %%%%%:   20-block 17
    %%%%%:   20-block 18
    %%%%%:   20-block 19
        -:   21:
        2:   22:    toroide res = fusionar(t1, t2);
    %%%%%:   22-block  0
        1:   23:    EXPECT_EQ(res, tout);
        1:   23-block  0
        1:   23-block  1
        1:   23-block  2
        1:   23-block  3
        1:   23-block  4
        1:   23-block  5
        1:   23-block  6
        1:   23-block  7
    %%%%%:   23-block  8
    %%%%%:   23-block  9
    %%%%%:   23-block 10
    %%%%%:   23-block 11
    %%%%%:   23-block 12
    %%%%%:   23-block 13
        5:   24:}
        1:   24-block  0
        1:   24-block  1
        1:   24-block  2
        1:   24-block  3
        1:   24-block  4
        1:   24-block  5
    %%%%%:   24-block  6
