        -:    0:Source:C:/Users/PC/Desktop/Bernie/Gabo/UBA/Materias/Algos I/TPI-algos-1/tests/EJ11_vistaTrasladadaTEST.cpp
        -:    0:Graph:C:\Users\PC\Desktop\Bernie\Gabo\UBA\Materias\Algos I\TPI-algos-1\cmake-build-debug\CMakeFiles\juegoDeLaVida.dir\tests\EJ11_vistaTrasladadaTEST.gcno
        -:    0:Data:C:\Users\PC\Desktop\Bernie\Gabo\UBA\Materias\Algos I\TPI-algos-1\cmake-build-debug\CMakeFiles\juegoDeLaVida.dir\tests\EJ11_vistaTrasladadaTEST.gcda
        -:    0:Runs:1
        -:    0:Programs:1
        -:    1:#include "../ejercicios.h"
        -:    2:#include "gtest/gtest.h"
        -:    3:#include <algorithm>
        -:    4:
        -:    5:using namespace std;
        -:    6:
        8:    7:TEST(vistaTrasladadaTEST, muevoTerceraFilaParaArriba){
        1:    7-block  0
        1:    7-block  1
        1:    7-block  2
    %%%%%:    7-block  3
    %%%%%:    7-block  4
    %%%%%:    7-block  5
    %%%%%:    7-block  6
    %%%%%:    7-block  7
    %%%%%:    7-block  8
        1:    7-block  9
        1:    7-block 10
        1:    7-block 11
        1:    7-block 12
        1:    7-block 13
        1:    7-block 14
        1:    7-block 15
        -:    8:    toroide t1 = { 
        -:    9:                  {true, false, false}, // 1
        -:   10:                  {false, true, false}, // 2
        5:   11:                  {false, false, true}};// 3
        1:   11-block  0
        1:   11-block  1
        1:   11-block  2
        1:   11-block  3
        1:   11-block  4
        4:   11-block  5
        3:   11-block  6
        1:   11-block  7
    %%%%%:   11-block  8
    %%%%%:   11-block  9
    %%%%%:   11-block 10
    %%%%%:   11-block 11
    %%%%%:   11-block 12
    %%%%%:   11-block 13
    %%%%%:   11-block 14
    %%%%%:   11-block 15
    %%%%%:   11-block 16
    %%%%%:   11-block 17
    %%%%%:   11-block 18
    %%%%%:   11-block 19
    %%%%%:   11-block 20
    %%%%%:   11-block 21
        -:   12:    toroide t2 = { 
        -:   13:                  {false, false, true}, // 3
        -:   14:                  {true, false, false}, // 1
        5:   15:                  {false, true, false}};// 2
        1:   15-block  0
        1:   15-block  1
        1:   15-block  2
        1:   15-block  3
        4:   15-block  4
        3:   15-block  5
        1:   15-block  6
    %%%%%:   15-block  7
    %%%%%:   15-block  8
    %%%%%:   15-block  9
    %%%%%:   15-block 10
    %%%%%:   15-block 11
    %%%%%:   15-block 12
    %%%%%:   15-block 13
    %%%%%:   15-block 14
    %%%%%:   15-block 15
    %%%%%:   15-block 16
    %%%%%:   15-block 17
    %%%%%:   15-block 18
    %%%%%:   15-block 19
        -:   16:
        1:   17:    bool res = vistaTrasladada(t1, t2);
        1:   18:    EXPECT_TRUE(res);
        1:   18-block  0
        1:   18-block  1
        1:   18-block  2
        1:   18-block  3
        1:   18-block  4
        1:   18-block  5
        1:   18-block  6
        1:   18-block  7
    %%%%%:   18-block  8
    %%%%%:   18-block  9
    %%%%%:   18-block 10
    %%%%%:   18-block 11
    %%%%%:   18-block 12
    %%%%%:   18-block 13
    %%%%%:   18-block 14
    %%%%%:   18-block 15
        1:   19:}
    %%%%%:   19-block  0
        -:   20:
        8:   21:TEST(vistaTrasladadaTEST, DiagonalVsTodoTrue){
        1:   21-block  0
        1:   21-block  1
        1:   21-block  2
    %%%%%:   21-block  3
    %%%%%:   21-block  4
    %%%%%:   21-block  5
    %%%%%:   21-block  6
    %%%%%:   21-block  7
        1:   21-block  8
        1:   21-block  9
        1:   21-block 10
        1:   21-block 11
        1:   21-block 12
        1:   21-block 13
        1:   21-block 14
        -:   22:    toroide t1 = { 
        -:   23:                  {true, false, false},
        -:   24:                  {false, true, false},
        5:   25:                  {false, false, true}}; 
        1:   25-block  0
        1:   25-block  1
        1:   25-block  2
        1:   25-block  3
        1:   25-block  4
        4:   25-block  5
        3:   25-block  6
        1:   25-block  7
    %%%%%:   25-block  8
    %%%%%:   25-block  9
    %%%%%:   25-block 10
    %%%%%:   25-block 11
    %%%%%:   25-block 12
    %%%%%:   25-block 13
    %%%%%:   25-block 14
    %%%%%:   25-block 15
    %%%%%:   25-block 16
    %%%%%:   25-block 17
    %%%%%:   25-block 18
    %%%%%:   25-block 19
    %%%%%:   25-block 20
    %%%%%:   25-block 21
        -:   26:    toroide t2 = { 
        -:   27:                  {true, true, true},
        -:   28:                  {true, true, true},
        5:   29:                  {true, true, true}}; 
        1:   29-block  0
        1:   29-block  1
        1:   29-block  2
        1:   29-block  3
        4:   29-block  4
        3:   29-block  5
        1:   29-block  6
    %%%%%:   29-block  7
    %%%%%:   29-block  8
    %%%%%:   29-block  9
    %%%%%:   29-block 10
    %%%%%:   29-block 11
    %%%%%:   29-block 12
    %%%%%:   29-block 13
    %%%%%:   29-block 14
    %%%%%:   29-block 15
    %%%%%:   29-block 16
    %%%%%:   29-block 17
    %%%%%:   29-block 18
    %%%%%:   29-block 19
    %%%%%:   29-block 20
        1:   30:    bool res = vistaTrasladada(t1, t2);
        1:   31:    EXPECT_FALSE(res);
        1:   31-block  0
        1:   31-block  1
    $$$$$:   31-block  2
    $$$$$:   31-block  3
    $$$$$:   31-block  4
    $$$$$:   31-block  5
    $$$$$:   31-block  6
        1:   31-block  7
    %%%%%:   31-block  8
    %%%%%:   31-block  9
    %%%%%:   31-block 10
    %%%%%:   31-block 11
    %%%%%:   31-block 12
    %%%%%:   31-block 13
    %%%%%:   31-block 14
    %%%%%:   31-block 15
    %%%%%:   31-block 16
        5:   32:}
        1:   32-block  0
        1:   32-block  1
        1:   32-block  2
        1:   32-block  3
        1:   32-block  4
        1:   32-block  5
    %%%%%:   32-block  6
